<?xml version="1.0" encoding="UTF-8"?>
<!-- Generated by org.testng.reporters.JUnitReportReporter -->
<testsuite skipped="0" hostname="shubham-TravelMate-P243" name="com.inetbanking.testCases.TC_AddCustomerTest_003" tests="1" failures="0" timestamp="25 Feb 2020 05:03:54 GMT" time="20.773" errors="0">
  <testcase name="addNewCustomer" time="20.773" classname="com.inetbanking.testCases.TC_AddCustomerTest_003"/>
</testsuite> <!-- com.inetbanking.testCases.TC_AddCustomerTest_003 -->
