<?xml version="1.0" encoding="UTF-8"?>
<!-- Generated by org.testng.reporters.JUnitReportReporter -->
<testsuite skipped="0" hostname="shubham-TravelMate-P243" name="com.inetbanking.testCases.TC_AddCustomerTest_003" tests="1" failures="0" timestamp="29 Feb 2020 10:57:52 GMT" time="25.938" errors="0">
  <testcase name="addNewCustomer" time="25.938" classname="com.inetbanking.testCases.TC_AddCustomerTest_003"/>
</testsuite> <!-- com.inetbanking.testCases.TC_AddCustomerTest_003 -->
